<?xml version="1.0" encoding="UTF-8"?>
<!-- Generated by org.testng.reporters.JUnitReportReporter -->
<testsuite hostname="Sonalis-MacBook-Air.local" failures="0" tests="1" name="Api_Automation_Suite.version1.guice.SumValidation" time="4.033" errors="0" timestamp="2023-01-13T13:45:27 IST" skipped="0">
  <testcase classname="Api_Automation_Suite.version1.guice.SumValidation" name="sumValidation" time="4.033"/>
  <system-out/>
</testsuite> <!-- Api_Automation_Suite.version1.guice.SumValidation -->
