<?xml version="1.0" encoding="UTF-8"?>
<!-- Generated by org.testng.reporters.JUnitReportReporter -->
<testsuite hostname="Sonalis-MacBook-Air.local" failures="0" tests="1" name="Api_Automation_Suite.version1.guice.LibraryTest" time="6.143" errors="0" timestamp="2023-03-22T00:01:34 IST" skipped="0">
  <testcase classname="Api_Automation_Suite.version1.guice.LibraryTest" name="librarytests" time="6.143"/>
  <system-out/>
</testsuite> <!-- Api_Automation_Suite.version1.guice.LibraryTest -->
