<?xml version="1.0" encoding="UTF-8"?>
<!-- Generated by org.testng.reporters.JUnitReportReporter -->
<testsuite hostname="Sonalis-MacBook-Air.local" failures="0" tests="1" name="Api_Automation_Suite.version1.firsttest.AllTests2" time="4.650" errors="0" timestamp="2023-03-23T16:37:04 IST" skipped="0">
  <testcase classname="Api_Automation_Suite.version1.firsttest.AllTests2" name="newtest2" time="4.650"/>
  <system-out/>
</testsuite> <!-- Api_Automation_Suite.version1.firsttest.AllTests2 -->
