<?xml version="1.0" encoding="UTF-8"?>
<!-- Generated by org.testng.reporters.JUnitReportReporter -->
<testsuite hostname="Sonalis-MacBook-Air.local" failures="0" tests="1" name="Api_Automation_Suite.version1.firsttest.AllTests" time="5.586" errors="0" timestamp="2023-03-23T17:17:50 IST" skipped="0">
  <testcase classname="Api_Automation_Suite.version1.firsttest.AllTests" name="newtest" time="5.586"/>
  <system-out/>
</testsuite> <!-- Api_Automation_Suite.version1.firsttest.AllTests -->
